<?xml version="1.0" encoding="UTF-8"?>
<!-- Generated by org.testng.reporters.JUnitXMLReporter -->
<testsuite ignored="0" hostname="LAPTOP-SF32JU0L" failures="0" tests="4" name="Default test" time="12.48" errors="0" timestamp="2022-05-29T00:04:47 IST">
  <testcase classname="com.selenium.practice.CheckBoxRadioTest" name="Test001_clickonRadioAndCheckBox" time="0.998"/>
  <testcase classname="com.selenium.practice.CheckBoxRadioTest" name="Test002_DropDown_Ajax_Jquery" time="0.522"/>
  <testcase classname="com.selenium.practice.CheckBoxRadioTest" name="Test003_BootPopUp" time="0.736"/>
  <testcase classname="com.selenium.practice.CheckBoxRadioTest" name="Test004_JavaScriptAlert" time="4.892"/>
</testsuite> <!-- Default test -->
